Determining if the pthread_create exist failed with the following output:
Change Dir: /home/lmu/work/cppexample/cmake-build-debug/CMakeFiles/CMakeTmp

Run Build Command:"/usr/bin/make" "cmTC_cc61b/fast"
/usr/bin/make -f CMakeFiles/cmTC_cc61b.dir/build.make CMakeFiles/cmTC_cc61b.dir/build
make[1]: Entering directory '/home/lmu/work/cppexample/cmake-build-debug/CMakeFiles/CMakeTmp'
Building C object CMakeFiles/cmTC_cc61b.dir/CheckSymbolExists.c.o
/usr/bin/cc    -o CMakeFiles/cmTC_cc61b.dir/CheckSymbolExists.c.o   -c /home/lmu/work/cppexample/cmake-build-debug/CMakeFiles/CMakeTmp/CheckSymbolExists.c
Linking C executable cmTC_cc61b
/home/lmu/.jetbrains/clion/bin/cmake/bin/cmake -E cmake_link_script CMakeFiles/cmTC_cc61b.dir/link.txt --verbose=1
/usr/bin/cc      CMakeFiles/cmTC_cc61b.dir/CheckSymbolExists.c.o  -o cmTC_cc61b 
CMakeFiles/cmTC_cc61b.dir/CheckSymbolExists.c.o: In function `main':
CheckSymbolExists.c:(.text+0x16): undefined reference to `pthread_create'
collect2: error: ld returned 1 exit status
CMakeFiles/cmTC_cc61b.dir/build.make:97: recipe for target 'cmTC_cc61b' failed
make[1]: *** [cmTC_cc61b] Error 1
make[1]: Leaving directory '/home/lmu/work/cppexample/cmake-build-debug/CMakeFiles/CMakeTmp'
Makefile:126: recipe for target 'cmTC_cc61b/fast' failed
make: *** [cmTC_cc61b/fast] Error 2

File /home/lmu/work/cppexample/cmake-build-debug/CMakeFiles/CMakeTmp/CheckSymbolExists.c:
/* */
#include <pthread.h>

int main(int argc, char** argv)
{
  (void)argv;
#ifndef pthread_create
  return ((int*)(&pthread_create))[argc];
#else
  (void)argc;
  return 0;
#endif
}

Determining if the function pthread_create exists in the pthreads failed with the following output:
Change Dir: /home/lmu/work/cppexample/cmake-build-debug/CMakeFiles/CMakeTmp

Run Build Command:"/usr/bin/make" "cmTC_ee5ba/fast"
/usr/bin/make -f CMakeFiles/cmTC_ee5ba.dir/build.make CMakeFiles/cmTC_ee5ba.dir/build
make[1]: Entering directory '/home/lmu/work/cppexample/cmake-build-debug/CMakeFiles/CMakeTmp'
Building C object CMakeFiles/cmTC_ee5ba.dir/CheckFunctionExists.c.o
/usr/bin/cc   -DCHECK_FUNCTION_EXISTS=pthread_create   -o CMakeFiles/cmTC_ee5ba.dir/CheckFunctionExists.c.o   -c /home/lmu/.jetbrains/clion/bin/cmake/share/cmake-3.8/Modules/CheckFunctionExists.c
Linking C executable cmTC_ee5ba
/home/lmu/.jetbrains/clion/bin/cmake/bin/cmake -E cmake_link_script CMakeFiles/cmTC_ee5ba.dir/link.txt --verbose=1
/usr/bin/cc  -DCHECK_FUNCTION_EXISTS=pthread_create    CMakeFiles/cmTC_ee5ba.dir/CheckFunctionExists.c.o  -o cmTC_ee5ba -lpthreads 
/usr/bin/ld: cannot find -lpthreads
collect2: error: ld returned 1 exit status
CMakeFiles/cmTC_ee5ba.dir/build.make:97: recipe for target 'cmTC_ee5ba' failed
make[1]: *** [cmTC_ee5ba] Error 1
make[1]: Leaving directory '/home/lmu/work/cppexample/cmake-build-debug/CMakeFiles/CMakeTmp'
Makefile:126: recipe for target 'cmTC_ee5ba/fast' failed
make: *** [cmTC_ee5ba/fast] Error 2


